# JRE version: Java(TM) SE Runtime Environment (8.0_261-b12) (build 1.8.0_261-b12)
# Java VM: Java HotSpot(TM) 64-Bit Server VM (25.261-b12 mixed mode windows-amd64 compressed oops)
Heap:
 PSYoungGen      total 322560K, used 221702K [0x0000000775f80000, 0x000000078a900000, 0x00000007c0000000)
  eden space 307712K, 72% used [0x0000000775f80000,0x0000000783801b90,0x0000000788c00000)
  from space 14848K, 0% used [0x0000000789a80000,0x0000000789a80000,0x000000078a900000)
  to   space 14848K, 0% used [0x0000000788c00000,0x0000000788c00000,0x0000000789a80000)
 ParOldGen       total 158720K, used 51993K [0x00000006e1e00000, 0x00000006eb900000, 0x0000000775f80000)
  object space 158720K, 32% used [0x00000006e1e00000,0x00000006e50c6500,0x00000006eb900000)
 Metaspace       used 78716K, capacity 82932K, committed 82944K, reserved 1122304K
  class space    used 9246K, capacity 9983K, committed 9984K, reserved 1048576K
GC Heap History (10 events):
Event: 2390.431 GC heap before
{Heap before GC invocations=29 (full 11):
 PSYoungGen      total 322560K, used 5255K [0x0000000775f80000, 0x000000078aa00000, 0x00000007c0000000)
  eden space 307712K, 0% used [0x0000000775f80000,0x0000000775f80000,0x0000000788c00000)
  from space 14848K, 35% used [0x0000000789b80000,0x000000078a0a1f88,0x000000078aa00000)
  to   space 15360K, 0% used [0x0000000788c00000,0x0000000788c00000,0x0000000789b00000)
 ParOldGen       total 158720K, used 42771K [0x00000006e1e00000, 0x00000006eb900000, 0x0000000775f80000)
  object space 158720K, 26% used [0x00000006e1e00000,0x00000006e47c4ea8,0x00000006eb900000)
 Metaspace       used 75880K, capacity 79852K, committed 80000K, reserved 1120256K
  class space    used 9053K, capacity 9758K, committed 9856K, reserved 1048576K
Event: 2391.354 GC heap after
Heap after GC invocations=29 (full 11):
 PSYoungGen      total 322560K, used 0K [0x0000000775f80000, 0x000000078aa00000, 0x00000007c0000000)
  eden space 307712K, 0% used [0x0000000775f80000,0x0000000775f80000,0x0000000788c00000)
  from space 14848K, 0% used [0x0000000789b80000,0x0000000789b80000,0x000000078aa00000)
  to   space 15360K, 0% used [0x0000000788c00000,0x0000000788c00000,0x0000000789b00000)
 ParOldGen       total 158720K, used 45203K [0x00000006e1e00000, 0x00000006eb900000, 0x0000000775f80000)
  object space 158720K, 28% used [0x00000006e1e00000,0x00000006e4a24c58,0x00000006eb900000)
 Metaspace       used 75880K, capacity 79852K, committed 80000K, reserved 1120256K
  class space    used 9053K, capacity 9758K, committed 9856K, reserved 1048576K
}
Event: 2543.901 GC heap before
{Heap before GC invocations=30 (full 11):
 PSYoungGen      total 322560K, used 201351K [0x0000000775f80000, 0x000000078aa00000, 0x00000007c0000000)
  eden space 307712K, 65% used [0x0000000775f80000,0x0000000782421c28,0x0000000788c00000)
  from space 14848K, 0% used [0x0000000789b80000,0x0000000789b80000,0x000000078aa00000)
  to   space 15360K, 0% used [0x0000000788c00000,0x0000000788c00000,0x0000000789b00000)
 ParOldGen       total 158720K, used 45203K [0x00000006e1e00000, 0x00000006eb900000, 0x0000000775f80000)
  object space 158720K, 28% used [0x00000006e1e00000,0x00000006e4a24c58,0x00000006eb900000)
 Metaspace       used 76641K, capacity 80748K, committed 81024K, reserved 1120256K
  class space    used 9086K, capacity 9810K, committed 9856K, reserved 1048576K
Event: 2543.913 GC heap after
Heap after GC invocations=30 (full 11):
 PSYoungGen      total 314368K, used 6179K [0x0000000775f80000, 0x000000078a900000, 0x00000007c0000000)
  eden space 307712K, 0% used [0x0000000775f80000,0x0000000775f80000,0x0000000788c00000)
  from space 6656K, 92% used [0x0000000788c00000,0x0000000789208d60,0x0000000789280000)
  to   space 14848K, 0% used [0x0000000789a80000,0x0000000789a80000,0x000000078a900000)
 ParOldGen       total 158720K, used 45211K [0x00000006e1e00000, 0x00000006eb900000, 0x0000000775f80000)
  object space 158720K, 28% used [0x00000006e1e00000,0x00000006e4a26c58,0x00000006eb900000)
 Metaspace       used 76641K, capacity 80748K, committed 81024K, reserved 1120256K
  class space    used 9086K, capacity 9810K, committed 9856K, reserved 1048576K
}
Event: 2543.913 GC heap before
{Heap before GC invocations=31 (full 12):
 PSYoungGen      total 314368K, used 6179K [0x0000000775f80000, 0x000000078a900000, 0x00000007c0000000)
  eden space 307712K, 0% used [0x0000000775f80000,0x0000000775f80000,0x0000000788c00000)
  from space 6656K, 92% used [0x0000000788c00000,0x0000000789208d60,0x0000000789280000)
  to   space 14848K, 0% used [0x0000000789a80000,0x0000000789a80000,0x000000078a900000)
 ParOldGen       total 158720K, used 45211K [0x00000006e1e00000, 0x00000006eb900000, 0x0000000775f80000)
  object space 158720K, 28% used [0x00000006e1e00000,0x00000006e4a26c58,0x00000006eb900000)
 Metaspace       used 76641K, capacity 80748K, committed 81024K, reserved 1120256K
  class space    used 9086K, capacity 9810K, committed 9856K, reserved 1048576K
Event: 2544.483 GC heap after
Heap after GC invocations=31 (full 12):
 PSYoungGen      total 314368K, used 0K [0x0000000775f80000, 0x000000078a900000, 0x00000007c0000000)
  eden space 307712K, 0% used [0x0000000775f80000,0x0000000775f80000,0x0000000788c00000)
  from space 6656K, 0% used [0x0000000788c00000,0x0000000788c00000,0x0000000789280000)
  to   space 14848K, 0% used [0x0000000789a80000,0x0000000789a80000,0x000000078a900000)
 ParOldGen       total 158720K, used 48708K [0x00000006e1e00000, 0x00000006eb900000, 0x0000000775f80000)
  object space 158720K, 30% used [0x00000006e1e00000,0x00000006e4d913c8,0x00000006eb900000)
 Metaspace       used 76607K, capacity 80678K, committed 81024K, reserved 1120256K
  class space    used 9085K, capacity 9808K, committed 9856K, reserved 1048576K
}
Event: 2610.448 GC heap before
{Heap before GC invocations=32 (full 12):
 PSYoungGen      total 314368K, used 194601K [0x0000000775f80000, 0x000000078a900000, 0x00000007c0000000)
  eden space 307712K, 63% used [0x0000000775f80000,0x0000000781d8a728,0x0000000788c00000)
  from space 6656K, 0% used [0x0000000788c00000,0x0000000788c00000,0x0000000789280000)
  to   space 14848K, 0% used [0x0000000789a80000,0x0000000789a80000,0x000000078a900000)
 ParOldGen       total 158720K, used 48708K [0x00000006e1e00000, 0x00000006eb900000, 0x0000000775f80000)
  object space 158720K, 30% used [0x00000006e1e00000,0x00000006e4d913c8,0x00000006eb900000)
 Metaspace       used 77284K, capacity 81428K, committed 81664K, reserved 1120256K
  class space    used 9116K, capacity 9857K, committed 9984K, reserved 1048576K
Event: 2610.458 GC heap after
Heap after GC invocations=32 (full 12):
 PSYoungGen      total 322560K, used 6227K [0x0000000775f80000, 0x000000078a900000, 0x00000007c0000000)
  eden space 307712K, 0% used [0x0000000775f80000,0x0000000775f80000,0x0000000788c00000)
  from space 14848K, 41% used [0x0000000789a80000,0x000000078a094f10,0x000000078a900000)
  to   space 14848K, 0% used [0x0000000788c00000,0x0000000788c00000,0x0000000789a80000)
 ParOldGen       total 158720K, used 48716K [0x00000006e1e00000, 0x00000006eb900000, 0x0000000775f80000)
  object space 158720K, 30% used [0x00000006e1e00000,0x00000006e4d933c8,0x00000006eb900000)
 Metaspace       used 77284K, capacity 81428K, committed 81664K, reserved 1120256K
  class space    used 9116K, capacity 9857K, committed 9984K, reserved 1048576K
}
Event: 2610.458 GC heap before
{Heap before GC invocations=33 (full 13):
 PSYoungGen      total 322560K, used 6227K [0x0000000775f80000, 0x000000078a900000, 0x00000007c0000000)
  eden space 307712K, 0% used [0x0000000775f80000,0x0000000775f80000,0x0000000788c00000)
  from space 14848K, 41% used [0x0000000789a80000,0x000000078a094f10,0x000000078a900000)
  to   space 14848K, 0% used [0x0000000788c00000,0x0000000788c00000,0x0000000789a80000)
 ParOldGen       total 158720K, used 48716K [0x00000006e1e00000, 0x00000006eb900000, 0x0000000775f80000)
  object space 158720K, 30% used [0x00000006e1e00000,0x00000006e4d933c8,0x00000006eb900000)
 Metaspace       used 77284K, capacity 81428K, committed 81664K, reserved 1120256K
  class space    used 9116K, capacity 9857K, committed 9984K, reserved 1048576K
Event: 2611.129 GC heap after
Heap after GC invocations=33 (full 13):
 PSYoungGen      total 322560K, used 0K [0x0000000775f80000, 0x000000078a900000, 0x00000007c0000000)
  eden space 307712K, 0% used [0x0000000775f80000,0x0000000775f80000,0x0000000788c00000)
  from space 14848K, 0% used [0x0000000789a80000,0x0000000789a80000,0x000000078a900000)
  to   space 14848K, 0% used [0x0000000788c00000,0x0000000788c00000,0x0000000789a80000)
 ParOldGen       total 158720K, used 51993K [0x00000006e1e00000, 0x00000006eb900000, 0x0000000775f80000)
  object space 158720K, 32% used [0x00000006e1e00000,0x00000006e50c6500,0x00000006eb900000)
 Metaspace       used 77250K, capacity 81358K, committed 81664K, reserved 1120256K
  class space    used 9115K, capacity 9855K, committed 9984K, reserved 1048576K
}

