# JRE version: Java(TM) SE Runtime Environment (8.0_261-b12) (build 1.8.0_261-b12)
# Java VM: Java HotSpot(TM) 64-Bit Server VM (25.261-b12 mixed mode windows-amd64 compressed oops)
Heap:
 PSYoungGen      total 566784K, used 256705K [0x0000000775f80000, 0x000000079a600000, 0x00000007c0000000)
  eden space 560640K, 45% used [0x0000000775f80000,0x0000000785a307c8,0x0000000798300000)
  from space 6144K, 0% used [0x0000000798800000,0x0000000798800000,0x0000000798e00000)
  to   space 17920K, 0% used [0x0000000799480000,0x0000000799480000,0x000000079a600000)
 ParOldGen       total 120320K, used 32457K [0x00000006e1e00000, 0x00000006e9380000, 0x0000000775f80000)
  object space 120320K, 26% used [0x00000006e1e00000,0x00000006e3db2640,0x00000006e9380000)
 Metaspace       used 73824K, capacity 77642K, committed 77952K, reserved 1118208K
  class space    used 8908K, capacity 9528K, committed 9600K, reserved 1048576K
GC Heap History (10 events):
Event: 4516.392 GC heap before
{Heap before GC invocations=16 (full 5):
 PSYoungGen      total 566784K, used 6070K [0x0000000775f80000, 0x000000079b480000, 0x00000007c0000000)
  eden space 560640K, 0% used [0x0000000775f80000,0x0000000775f80000,0x0000000798300000)
  from space 6144K, 98% used [0x0000000799b80000,0x000000079a16da30,0x000000079a180000)
  to   space 18432K, 0% used [0x000000079a280000,0x000000079a280000,0x000000079b480000)
 ParOldGen       total 120320K, used 30370K [0x00000006e1e00000, 0x00000006e9380000, 0x0000000775f80000)
  object space 120320K, 25% used [0x00000006e1e00000,0x00000006e3ba8ab0,0x00000006e9380000)
 Metaspace       used 69690K, capacity 72944K, committed 73216K, reserved 1114112K
  class space    used 8616K, capacity 9151K, committed 9216K, reserved 1048576K
Event: 4516.641 GC heap after
Heap after GC invocations=16 (full 5):
 PSYoungGen      total 566784K, used 0K [0x0000000775f80000, 0x000000079b480000, 0x00000007c0000000)
  eden space 560640K, 0% used [0x0000000775f80000,0x0000000775f80000,0x0000000798300000)
  from space 6144K, 0% used [0x0000000799b80000,0x0000000799b80000,0x000000079a180000)
  to   space 18432K, 0% used [0x000000079a280000,0x000000079a280000,0x000000079b480000)
 ParOldGen       total 120320K, used 23419K [0x00000006e1e00000, 0x00000006e9380000, 0x0000000775f80000)
  object space 120320K, 19% used [0x00000006e1e00000,0x00000006e34dedb8,0x00000006e9380000)
 Metaspace       used 69397K, capacity 72462K, committed 73216K, reserved 1114112K
  class space    used 8575K, capacity 9075K, committed 9216K, reserved 1048576K
}
Event: 4702.558 GC heap before
{Heap before GC invocations=17 (full 5):
 PSYoungGen      total 566784K, used 224383K [0x0000000775f80000, 0x000000079b480000, 0x00000007c0000000)
  eden space 560640K, 40% used [0x0000000775f80000,0x0000000783a9fee0,0x0000000798300000)
  from space 6144K, 0% used [0x0000000799b80000,0x0000000799b80000,0x000000079a180000)
  to   space 18432K, 0% used [0x000000079a280000,0x000000079a280000,0x000000079b480000)
 ParOldGen       total 120320K, used 23419K [0x00000006e1e00000, 0x00000006e9380000, 0x0000000775f80000)
  object space 120320K, 19% used [0x00000006e1e00000,0x00000006e34dedb8,0x00000006e9380000)
 Metaspace       used 70723K, capacity 74194K, committed 74240K, reserved 1114112K
  class space    used 8656K, capacity 9209K, committed 9216K, reserved 1048576K
Event: 4702.581 GC heap after
Heap after GC invocations=17 (full 5):
 PSYoungGen      total 569344K, used 8701K [0x0000000775f80000, 0x000000079ab00000, 0x00000007c0000000)
  eden space 560640K, 0% used [0x0000000775f80000,0x0000000775f80000,0x0000000798300000)
  from space 8704K, 99% used [0x000000079a280000,0x000000079aaff5b0,0x000000079ab00000)
  to   space 17920K, 0% used [0x0000000798800000,0x0000000798800000,0x0000000799980000)
 ParOldGen       total 120320K, used 23427K [0x00000006e1e00000, 0x00000006e9380000, 0x0000000775f80000)
  object space 120320K, 19% used [0x00000006e1e00000,0x00000006e34e0db8,0x00000006e9380000)
 Metaspace       used 70723K, capacity 74194K, committed 74240K, reserved 1114112K
  class space    used 8656K, capacity 9209K, committed 9216K, reserved 1048576K
}
Event: 4702.581 GC heap before
{Heap before GC invocations=18 (full 6):
 PSYoungGen      total 569344K, used 8701K [0x0000000775f80000, 0x000000079ab00000, 0x00000007c0000000)
  eden space 560640K, 0% used [0x0000000775f80000,0x0000000775f80000,0x0000000798300000)
  from space 8704K, 99% used [0x000000079a280000,0x000000079aaff5b0,0x000000079ab00000)
  to   space 17920K, 0% used [0x0000000798800000,0x0000000798800000,0x0000000799980000)
 ParOldGen       total 120320K, used 23427K [0x00000006e1e00000, 0x00000006e9380000, 0x0000000775f80000)
  object space 120320K, 19% used [0x00000006e1e00000,0x00000006e34e0db8,0x00000006e9380000)
 Metaspace       used 70723K, capacity 74194K, committed 74240K, reserved 1114112K
  class space    used 8656K, capacity 9209K, committed 9216K, reserved 1048576K
Event: 4702.950 GC heap after
Heap after GC invocations=18 (full 6):
 PSYoungGen      total 569344K, used 0K [0x0000000775f80000, 0x000000079ab00000, 0x00000007c0000000)
  eden space 560640K, 0% used [0x0000000775f80000,0x0000000775f80000,0x0000000798300000)
  from space 8704K, 0% used [0x000000079a280000,0x000000079a280000,0x000000079ab00000)
  to   space 17920K, 0% used [0x0000000798800000,0x0000000798800000,0x0000000799980000)
 ParOldGen       total 120320K, used 29344K [0x00000006e1e00000, 0x00000006e9380000, 0x0000000775f80000)
  object space 120320K, 24% used [0x00000006e1e00000,0x00000006e3aa8348,0x00000006e9380000)
 Metaspace       used 70692K, capacity 74124K, committed 74240K, reserved 1114112K
  class space    used 8655K, capacity 9207K, committed 9216K, reserved 1048576K
}
Event: 5411.991 GC heap before
{Heap before GC invocations=19 (full 6):
 PSYoungGen      total 569344K, used 260963K [0x0000000775f80000, 0x000000079ab00000, 0x00000007c0000000)
  eden space 560640K, 46% used [0x0000000775f80000,0x0000000785e58e10,0x0000000798300000)
  from space 8704K, 0% used [0x000000079a280000,0x000000079a280000,0x000000079ab00000)
  to   space 17920K, 0% used [0x0000000798800000,0x0000000798800000,0x0000000799980000)
 ParOldGen       total 120320K, used 29344K [0x00000006e1e00000, 0x00000006e9380000, 0x0000000775f80000)
  object space 120320K, 24% used [0x00000006e1e00000,0x00000006e3aa8348,0x00000006e9380000)
 Metaspace       used 71646K, capacity 75298K, committed 75392K, reserved 1116160K
  class space    used 8695K, capacity 9272K, committed 9344K, reserved 1048576K
Event: 5412.011 GC heap after
Heap after GC invocations=19 (full 6):
 PSYoungGen      total 566784K, used 5926K [0x0000000775f80000, 0x000000079a600000, 0x00000007c0000000)
  eden space 560640K, 0% used [0x0000000775f80000,0x0000000775f80000,0x0000000798300000)
  from space 6144K, 96% used [0x0000000798800000,0x0000000798dc9908,0x0000000798e00000)
  to   space 17920K, 0% used [0x0000000799480000,0x0000000799480000,0x000000079a600000)
 ParOldGen       total 120320K, used 29352K [0x00000006e1e00000, 0x00000006e9380000, 0x0000000775f80000)
  object space 120320K, 24% used [0x00000006e1e00000,0x00000006e3aaa348,0x00000006e9380000)
 Metaspace       used 71646K, capacity 75298K, committed 75392K, reserved 1116160K
  class space    used 8695K, capacity 9272K, committed 9344K, reserved 1048576K
}
Event: 5412.011 GC heap before
{Heap before GC invocations=20 (full 7):
 PSYoungGen      total 566784K, used 5926K [0x0000000775f80000, 0x000000079a600000, 0x00000007c0000000)
  eden space 560640K, 0% used [0x0000000775f80000,0x0000000775f80000,0x0000000798300000)
  from space 6144K, 96% used [0x0000000798800000,0x0000000798dc9908,0x0000000798e00000)
  to   space 17920K, 0% used [0x0000000799480000,0x0000000799480000,0x000000079a600000)
 ParOldGen       total 120320K, used 29352K [0x00000006e1e00000, 0x00000006e9380000, 0x0000000775f80000)
  object space 120320K, 24% used [0x00000006e1e00000,0x00000006e3aaa348,0x00000006e9380000)
 Metaspace       used 71646K, capacity 75298K, committed 75392K, reserved 1116160K
  class space    used 8695K, capacity 9272K, committed 9344K, reserved 1048576K
Event: 5412.294 GC heap after
Heap after GC invocations=20 (full 7):
 PSYoungGen      total 566784K, used 0K [0x0000000775f80000, 0x000000079a600000, 0x00000007c0000000)
  eden space 560640K, 0% used [0x0000000775f80000,0x0000000775f80000,0x0000000798300000)
  from space 6144K, 0% used [0x0000000798800000,0x0000000798800000,0x0000000798e00000)
  to   space 17920K, 0% used [0x0000000799480000,0x0000000799480000,0x000000079a600000)
 ParOldGen       total 120320K, used 32457K [0x00000006e1e00000, 0x00000006e9380000, 0x0000000775f80000)
  object space 120320K, 26% used [0x00000006e1e00000,0x00000006e3db2640,0x00000006e9380000)
 Metaspace       used 71615K, capacity 75228K, committed 75392K, reserved 1116160K
  class space    used 8694K, capacity 9270K, committed 9344K, reserved 1048576K
}

